<?xml version="1.0" encoding="UTF-8"?>
<!-- Generated by org.testng.reporters.JUnitReportReporter -->
<testsuite skipped="0" hostname="scom553-pc" name="Demo1" tests="3" failures="0" timestamp="2021-03-19T09:47:00 IST" time="0.013" errors="0">
  <testcase name="abc" time="0.011" classname="Demo1"/>
  <system-out/>
  <testcase name="xyz" time="0.001" classname="Demo1"/>
  <system-out/>
  <testcase name="acb" time="0.001" classname="Demo1"/>
  <system-out/>
</testsuite> <!-- Demo1 -->
